<?xml version="1.0" encoding="UTF-8"?>
<testsuite name="InterviewMock.RestSuite" tests="7" failures="0" errors="0" time="0.092"><properties>
[...]
</properties><testcase name="REST-list" time="0.007"/><testcase name="REST-list-filtered" time="0.009"/><testcase name="REST-get-detail" time="0.006"/><testcase name="REST-get-missing-404" time="0.01"/><testcase name="REST-create-and-lifecycle" time="0.042"/><testcase name="REST-candidate" time="0.006"/><testcase name="REST-search-by-skill" time="0.012"/></testsuite>